[2015.11.03-01.13.16:728][  0]Log file open, 11/02/15 20:13:16
[2015.11.03-01.13.16:728][  0]LogInit:Display: Running engine for game: Godzilla
[2015.11.03-01.13.16:728][  0]LogInit:Display: RandInit(802729852) SRandInit(802729852).
[2015.11.03-01.13.16:728][  0]LogTaskGraph: Started task graph with 4 named threads and 7 total threads.
[2015.11.03-01.13.16:728][  0]LogStats: Stats thread started at 0.076322
[2015.11.03-01.13.16:728][  0]LogInit:Warning: Incompatible or missing module: UE4Editor-Godzilla.dll
[2015.11.03-01.13.19:675][  0]LogExit: Preparing to exit.
[2015.11.03-01.13.19:676][  0]LogModuleManager: Shutting down and abandoning module TextureCompressor (14)
[2015.11.03-01.13.19:676][  0]LogModuleManager: Shutting down and abandoning module ShaderCore (13)
[2015.11.03-01.13.19:676][  0]LogModuleManager: Shutting down and abandoning module Landscape (12)
[2015.11.03-01.13.19:676][  0]LogModuleManager: Shutting down and abandoning module SlateRHIRenderer (11)
[2015.11.03-01.13.19:676][  0]LogModuleManager: Shutting down and abandoning module OpenGLDrv (10)
[2015.11.03-01.13.19:676][  0]LogModuleManager: Shutting down and abandoning module D3D11RHI (9)
[2015.11.03-01.13.19:676][  0]LogModuleManager: Shutting down and abandoning module AnimGraphRuntime (8)
[2015.11.03-01.13.19:676][  0]LogModuleManager: Shutting down and abandoning module Renderer (7)
[2015.11.03-01.13.19:676][  0]LogModuleManager: Shutting down and abandoning module Engine (6)
[2015.11.03-01.13.19:676][  0]LogModuleManager: Shutting down and abandoning module CoreUObject (5)
[2015.11.03-01.13.19:676][  0]LogModuleManager: Shutting down and abandoning module NetworkFile (4)
[2015.11.03-01.13.19:676][  0]LogModuleManager: Shutting down and abandoning module StreamingFile (3)
[2015.11.03-01.13.19:676][  0]LogModuleManager: Shutting down and abandoning module SandboxFile (2)
[2015.11.03-01.13.19:676][  0]LogModuleManager: Shutting down and abandoning module PakFile (1)
[2015.11.03-01.13.19:676][  0]LogExit: Exiting.
[2015.11.03-01.13.19:677][  0]Log file closed, 11/02/15 20:13:19
